This is XeTeX, Version 3.14159265-2.6-0.99992 (TeX Live 2015/Debian) (preloaded format=xelatex 2018.3.28)  28 MAR 2018 16:09
entering extended mode
 restricted \write18 enabled.
 %&-line parsing enabled.
**refman
(./refman.tex
LaTeX2e <2016/02/01>
Babel <3.9q> and hyphenation patterns for 81 language(s) loaded.
(/usr/share/texlive/texmf-dist/tex/latex/base/book.cls
Document Class: book 2014/09/29 v1.4h Standard LaTeX document class
(/usr/share/texlive/texmf-dist/tex/latex/base/bk10.clo
File: bk10.clo 2014/09/29 v1.4h Standard LaTeX file (size option)
)
\c@part=\count79
\c@chapter=\count80
\c@section=\count81
\c@subsection=\count82
\c@subsubsection=\count83
\c@paragraph=\count84
\c@subparagraph=\count85
\c@figure=\count86
\c@table=\count87
\abovecaptionskip=\skip41
\belowcaptionskip=\skip42
\bibindent=\dimen102
)
(/usr/share/texlive/texmf-dist/tex/latex/base/fixltx2e.sty
Package: fixltx2e 2015/06/22 v2.0b fixes to LaTeX (obsolete)


Package fixltx2e Warning: fixltx2e is not required with releases after 2015
(fixltx2e)                All fixes are now in the LaTeX kernel.
(fixltx2e)                See the latexrelease package for details.

) (/usr/share/texlive/texmf-dist/tex/latex/tools/calc.sty
Package: calc 2014/10/28 v4.3 Infix arithmetic (KKT,FJ)
\calc@Acount=\count88
\calc@Bcount=\count89
\calc@Adimen=\dimen103
\calc@Bdimen=\dimen104
\calc@Askip=\skip43
\calc@Bskip=\skip44
LaTeX Info: Redefining \setlength on input line 80.
LaTeX Info: Redefining \addtolength on input line 81.
\calc@Ccount=\count90
\calc@Cskip=\skip45
) (./doxygen.sty
Package: doxygen 

(/usr/share/texlive/texmf-dist/tex/latex/base/alltt.sty
Package: alltt 1997/06/16 v2.0g defines alltt environment
)
(/usr/share/texlive/texmf-dist/tex/latex/tools/array.sty
Package: array 2014/10/28 v2.4c Tabular extension package (FMi)
\col@sep=\dimen105
\extrarowheight=\dimen106
\NC@list=\toks14
\extratabsurround=\skip46
\backup@length=\skip47
)
(/usr/share/texlive/texmf-dist/tex/latex/float/float.sty
Package: float 2001/11/08 v1.3d Float enhancements (AL)
\c@float@type=\count91
\float@exts=\toks15
\float@box=\box26
\@float@everytoks=\toks16
\@floatcapt=\box27
)
(/usr/share/texlive/texmf-dist/tex/latex/base/ifthen.sty
Package: ifthen 2014/09/29 v1.1c Standard LaTeX ifthen package (DPC)
)
(/usr/share/texlive/texmf-dist/tex/latex/tools/verbatim.sty
Package: verbatim 2014/10/28 v1.5q LaTeX2e package for verbatim enhancements
\every@verbatim=\toks17
\verbatim@line=\toks18
\verbatim@in@stream=\read1
)
(/usr/share/texlive/texmf-dist/tex/latex/xcolor/xcolor.sty
Package: xcolor 2007/01/21 v2.11 LaTeX color extensions (UK)

(/usr/share/texlive/texmf-dist/tex/latex/latexconfig/color.cfg
File: color.cfg 2007/01/18 v1.5 color configuration of teTeX/TeXLive
)
Package xcolor Info: Driver file: xetex.def on input line 225.

(/usr/share/texlive/texmf-dist/tex/xelatex/xetex-def/xetex.def
File: xetex.def 2015/09/11 v4.06 LaTeX color/graphics driver for XeTeX (TeX Liv
e/RRM/JK)

(/usr/share/texlive/texmf-dist/tex/generic/oberdiek/infwarerr.sty
Package: infwarerr 2010/04/08 v1.3 Providing info/warning/error messages (HO)
)
(/usr/share/texlive/texmf-dist/tex/generic/oberdiek/ltxcmds.sty
Package: ltxcmds 2011/11/09 v1.22 LaTeX kernel commands for general use (HO)
))
(/usr/share/texlive/texmf-dist/tex/latex/colortbl/colortbl.sty
Package: colortbl 2012/02/13 v1.0a Color table columns (DPC)
\everycr=\toks19
\minrowclearance=\skip48
)
\rownum=\count92
Package xcolor Info: Model `cmy' substituted by `cmy0' on input line 1337.
Package xcolor Info: Model `RGB' extended on input line 1353.
Package xcolor Info: Model `HTML' substituted by `rgb' on input line 1355.
Package xcolor Info: Model `Hsb' substituted by `hsb' on input line 1356.
Package xcolor Info: Model `tHsb' substituted by `hsb' on input line 1357.
Package xcolor Info: Model `HSB' substituted by `hsb' on input line 1358.
Package xcolor Info: Model `Gray' substituted by `gray' on input line 1359.
Package xcolor Info: Model `wave' substituted by `hsb' on input line 1360.
)
(/usr/share/texlive/texmf-dist/tex/latex/tools/longtable.sty
Package: longtable 2014/10/28 v4.11 Multi-page Table package (DPC)
\LTleft=\skip49
\LTright=\skip50
\LTpre=\skip51
\LTpost=\skip52
\LTchunksize=\count93
\LTcapwidth=\dimen107
\LT@head=\box28
\LT@firsthead=\box29
\LT@foot=\box30
\LT@lastfoot=\box31
\LT@cols=\count94
\LT@rows=\count95
\c@LT@tables=\count96
\c@LT@chunks=\count97
\LT@p@ftn=\toks20
)
(/usr/share/texlive/texmf-dist/tex/latex/tabu/tabu.sty
Package: tabu 2011/02/26 v2.8 - flexible LaTeX tabulars (FC)

(/usr/share/texlive/texmf-dist/tex/latex/varwidth/varwidth.sty
Package: varwidth 2009/03/30 ver 0.92;  Variable-width minipages
\@vwid@box=\box32
\sift@deathcycles=\count98
\@vwid@loff=\dimen108
\@vwid@roff=\dimen109
)
\c@taburow=\count99
\tabu@nbcols=\count100
\tabu@cnt=\count101
\tabu@Xcol=\count102
\tabu@alloc=\count103
\tabu@nested=\count104
\tabu@target=\dimen110
\tabu@spreadtarget=\dimen111
\tabu@naturalX=\dimen112
\tabucolX=\dimen113
\tabu@Xsum=\dimen114
\extrarowdepth=\dimen115
\abovetabulinesep=\dimen116
\belowtabulinesep=\dimen117
\tabustrutrule=\dimen118
\tabu@thebody=\toks21
\tabu@footnotes=\toks22
\tabu@box=\box33
\tabu@arstrutbox=\box34
\tabu@hleads=\box35
\tabu@vleads=\box36
\tabu@cellskip=\skip53
)
(/usr/share/texlive/texmf-dist/tex/latex/tools/tabularx.sty
Package: tabularx 2014/10/28 v2.10 `tabularx' package (DPC)
\TX@col@width=\dimen119
\TX@old@table=\dimen120
\TX@old@col=\dimen121
\TX@target=\dimen122
\TX@delta=\dimen123
\TX@cols=\count105
\TX@ftn=\toks23
)
(/usr/share/texlive/texmf-dist/tex/latex/multirow/multirow.sty
\bigstrutjot=\dimen124
)
\xrefbox=\box37
\xreflength=\skip54
)
(/usr/share/texlive/texmf-dist/tex/latex/adjustbox/adjustbox.sty
Package: adjustbox 2012/05/21 v1.0 Adjusting TeX boxes (trim, clip, ...)

(/usr/share/texlive/texmf-dist/tex/latex/xkeyval/xkeyval.sty
Package: xkeyval 2014/12/03 v2.7a package option processing (HA)

(/usr/share/texlive/texmf-dist/tex/generic/xkeyval/xkeyval.tex
(/usr/share/texlive/texmf-dist/tex/generic/xkeyval/xkvutils.tex
\XKV@toks=\toks24
\XKV@tempa@toks=\toks25

(/usr/share/texlive/texmf-dist/tex/generic/xkeyval/keyval.tex))
\XKV@depth=\count106
File: xkeyval.tex 2014/12/03 v2.7a key=value parser (HA)
))
(/usr/share/texlive/texmf-dist/tex/latex/adjustbox/adjcalc.sty
Package: adjcalc 2012/05/16 v1.1 Provides advanced setlength with multiple back
-ends (calc, etex, pgfmath)
)
(/usr/share/texlive/texmf-dist/tex/latex/adjustbox/trimclip.sty
Package: trimclip 2012/05/16 v1.0 Trim and clip general TeX material

(/usr/share/texlive/texmf-dist/tex/latex/graphics/graphicx.sty
Package: graphicx 2014/10/28 v1.0g Enhanced LaTeX Graphics (DPC,SPQR)

(/usr/share/texlive/texmf-dist/tex/latex/graphics/graphics.sty
Package: graphics 2016/01/03 v1.0q Standard LaTeX Graphics (DPC,SPQR)

(/usr/share/texlive/texmf-dist/tex/latex/graphics/trig.sty
Package: trig 2016/01/03 v1.10 sin cos tan (DPC)
)
(/usr/share/texlive/texmf-dist/tex/latex/latexconfig/graphics.cfg
File: graphics.cfg 2010/04/23 v1.9 graphics configuration of TeX Live
)
Package graphics Info: Driver file: xetex.def on input line 95.
)
\Gin@req@height=\dimen125
\Gin@req@width=\dimen126
)
(/usr/share/texlive/texmf-dist/tex/latex/collectbox/collectbox.sty
Package: collectbox 2012/05/17 v0.4b Collect macro arguments as boxes
\collectedbox=\box38
)
\tc@llx=\dimen127
\tc@lly=\dimen128
\tc@urx=\dimen129
\tc@ury=\dimen130
Package trimclip Info: Using driver 'tc-xetex.def'.

(/usr/share/texlive/texmf-dist/tex/latex/adjustbox/tc-xetex.def
File: tc-xetex.def 2012/05/13 v1.0 Clipping driver for xetex
))
\adjbox@Width=\dimen131
\adjbox@Height=\dimen132
\adjbox@Depth=\dimen133
\adjbox@Totalheight=\dimen134

(/usr/share/texlive/texmf-dist/tex/latex/ifoddpage/ifoddpage.sty
Package: ifoddpage 2011/09/13 v1.0 Conditionals for odd/even page detection
\c@checkoddpage=\count107
))
(/usr/share/texlive/texmf-dist/tex/latex/base/inputenc.sty
Package: inputenc 2015/03/17 v1.2c Input encoding file
\inpenc@prehook=\toks26
\inpenc@posthook=\toks27


Package inputenc Warning: inputenc package ignored with utf8 based engines.

) (/usr/share/texlive/texmf-dist/tex/latex/base/makeidx.sty
Package: makeidx 2014/09/29 v1.0m Standard LaTeX package
)
(/usr/share/texlive/texmf-dist/tex/latex/tools/multicol.sty
Package: multicol 2015/08/19 v1.8n multicolumn formatting (FMi)
\c@tracingmulticols=\count108
\mult@box=\box39
\multicol@leftmargin=\dimen135
\c@unbalance=\count109
\c@collectmore=\count110
\doublecol@number=\count111
\multicoltolerance=\count112
\multicolpretolerance=\count113
\full@width=\dimen136
\page@free=\dimen137
\premulticols=\dimen138
\postmulticols=\dimen139
\multicolsep=\skip55
\multicolbaselineskip=\skip56
\partial@page=\box40
\last@line=\box41
\maxbalancingoverflow=\dimen140
\mult@rightbox=\box42
\mult@grightbox=\box43
\mult@gfirstbox=\box44
\mult@firstbox=\box45
\@tempa=\box46
\@tempa=\box47
\@tempa=\box48
\@tempa=\box49
\@tempa=\box50
\@tempa=\box51
\@tempa=\box52
\@tempa=\box53
\@tempa=\box54
\@tempa=\box55
\@tempa=\box56
\@tempa=\box57
\@tempa=\box58
\@tempa=\box59
\@tempa=\box60
\@tempa=\box61
\@tempa=\box62
\c@columnbadness=\count114
\c@finalcolumnbadness=\count115
\last@try=\dimen141
\multicolovershoot=\dimen142
\multicolundershoot=\dimen143
\mult@nat@firstbox=\box63
\colbreak@box=\box64
\mc@col@check@num=\count116
)
(/usr/share/texlive/texmf-dist/tex/latex/base/textcomp.sty
Package: textcomp 2005/09/27 v1.99g Standard LaTeX package
Package textcomp Info: Sub-encoding information:
(textcomp)               5 = only ISO-Adobe without \textcurrency
(textcomp)               4 = 5 + \texteuro
(textcomp)               3 = 4 + \textohm
(textcomp)               2 = 3 + \textestimated + \textcurrency
(textcomp)               1 = TS1 - \textcircled - \t
(textcomp)               0 = TS1 (full)
(textcomp)             Font families with sub-encoding setting implement
(textcomp)             only a restricted character set as indicated.
(textcomp)             Family '?' is the default used for unknown fonts.
(textcomp)             See the documentation for details.
Package textcomp Info: Setting ? sub-encoding to TS1/1 on input line 79.

(/usr/share/texlive/texmf-dist/tex/latex/base/ts1enc.def
File: ts1enc.def 2001/06/05 v3.0e (jk/car/fm) Standard LaTeX file
)
LaTeX Info: Redefining \oldstylenums on input line 334.
Package textcomp Info: Setting cmr sub-encoding to TS1/0 on input line 349.
Package textcomp Info: Setting cmss sub-encoding to TS1/0 on input line 350.
Package textcomp Info: Setting cmtt sub-encoding to TS1/0 on input line 351.
Package textcomp Info: Setting cmvtt sub-encoding to TS1/0 on input line 352.
Package textcomp Info: Setting cmbr sub-encoding to TS1/0 on input line 353.
Package textcomp Info: Setting cmtl sub-encoding to TS1/0 on input line 354.
Package textcomp Info: Setting ccr sub-encoding to TS1/0 on input line 355.
Package textcomp Info: Setting ptm sub-encoding to TS1/4 on input line 356.
Package textcomp Info: Setting pcr sub-encoding to TS1/4 on input line 357.
Package textcomp Info: Setting phv sub-encoding to TS1/4 on input line 358.
Package textcomp Info: Setting ppl sub-encoding to TS1/3 on input line 359.
Package textcomp Info: Setting pag sub-encoding to TS1/4 on input line 360.
Package textcomp Info: Setting pbk sub-encoding to TS1/4 on input line 361.
Package textcomp Info: Setting pnc sub-encoding to TS1/4 on input line 362.
Package textcomp Info: Setting pzc sub-encoding to TS1/4 on input line 363.
Package textcomp Info: Setting bch sub-encoding to TS1/4 on input line 364.
Package textcomp Info: Setting put sub-encoding to TS1/5 on input line 365.
Package textcomp Info: Setting uag sub-encoding to TS1/5 on input line 366.
Package textcomp Info: Setting ugq sub-encoding to TS1/5 on input line 367.
Package textcomp Info: Setting ul8 sub-encoding to TS1/4 on input line 368.
Package textcomp Info: Setting ul9 sub-encoding to TS1/4 on input line 369.
Package textcomp Info: Setting augie sub-encoding to TS1/5 on input line 370.
Package textcomp Info: Setting dayrom sub-encoding to TS1/3 on input line 371.
Package textcomp Info: Setting dayroms sub-encoding to TS1/3 on input line 372.

Package textcomp Info: Setting pxr sub-encoding to TS1/0 on input line 373.
Package textcomp Info: Setting pxss sub-encoding to TS1/0 on input line 374.
Package textcomp Info: Setting pxtt sub-encoding to TS1/0 on input line 375.
Package textcomp Info: Setting txr sub-encoding to TS1/0 on input line 376.
Package textcomp Info: Setting txss sub-encoding to TS1/0 on input line 377.
Package textcomp Info: Setting txtt sub-encoding to TS1/0 on input line 378.
Package textcomp Info: Setting lmr sub-encoding to TS1/0 on input line 379.
Package textcomp Info: Setting lmdh sub-encoding to TS1/0 on input line 380.
Package textcomp Info: Setting lmss sub-encoding to TS1/0 on input line 381.
Package textcomp Info: Setting lmssq sub-encoding to TS1/0 on input line 382.
Package textcomp Info: Setting lmvtt sub-encoding to TS1/0 on input line 383.
Package textcomp Info: Setting lmtt sub-encoding to TS1/0 on input line 384.
Package textcomp Info: Setting qhv sub-encoding to TS1/0 on input line 385.
Package textcomp Info: Setting qag sub-encoding to TS1/0 on input line 386.
Package textcomp Info: Setting qbk sub-encoding to TS1/0 on input line 387.
Package textcomp Info: Setting qcr sub-encoding to TS1/0 on input line 388.
Package textcomp Info: Setting qcs sub-encoding to TS1/0 on input line 389.
Package textcomp Info: Setting qpl sub-encoding to TS1/0 on input line 390.
Package textcomp Info: Setting qtm sub-encoding to TS1/0 on input line 391.
Package textcomp Info: Setting qzc sub-encoding to TS1/0 on input line 392.
Package textcomp Info: Setting qhvc sub-encoding to TS1/0 on input line 393.
Package textcomp Info: Setting futs sub-encoding to TS1/4 on input line 394.
Package textcomp Info: Setting futx sub-encoding to TS1/4 on input line 395.
Package textcomp Info: Setting futj sub-encoding to TS1/4 on input line 396.
Package textcomp Info: Setting hlh sub-encoding to TS1/3 on input line 397.
Package textcomp Info: Setting hls sub-encoding to TS1/3 on input line 398.
Package textcomp Info: Setting hlst sub-encoding to TS1/3 on input line 399.
Package textcomp Info: Setting hlct sub-encoding to TS1/5 on input line 400.
Package textcomp Info: Setting hlx sub-encoding to TS1/5 on input line 401.
Package textcomp Info: Setting hlce sub-encoding to TS1/5 on input line 402.
Package textcomp Info: Setting hlcn sub-encoding to TS1/5 on input line 403.
Package textcomp Info: Setting hlcw sub-encoding to TS1/5 on input line 404.
Package textcomp Info: Setting hlcf sub-encoding to TS1/5 on input line 405.
Package textcomp Info: Setting pplx sub-encoding to TS1/3 on input line 406.
Package textcomp Info: Setting pplj sub-encoding to TS1/3 on input line 407.
Package textcomp Info: Setting ptmx sub-encoding to TS1/4 on input line 408.
Package textcomp Info: Setting ptmj sub-encoding to TS1/4 on input line 409.
)
(/usr/share/texlive/texmf-dist/tex/latex/wasysym/wasysym.sty
Package: wasysym 2003/10/30 v2.0 Wasy-2 symbol support package
\symwasy=\mathgroup4
LaTeX Font Info:    Overwriting symbol font `wasy' in version `bold'
(Font)                  U/wasy/m/n --> U/wasy/b/n on input line 90.
)
(/usr/share/texlive/texmf-dist/tex/latex/base/fontenc.sty
Package: fontenc 2005/09/27 v1.99g Standard LaTeX package

(/usr/share/texlive/texmf-dist/tex/latex/base/t1enc.def
File: t1enc.def 2005/09/27 v1.99g Standard LaTeX file
LaTeX Font Info:    Redeclaring font encoding T1 on input line 48.
))
(/usr/share/texlive/texmf-dist/tex/latex/psnfss/helvet.sty
Package: helvet 2005/04/12 PSNFSS-v9.2a (WaS) 
)
(/usr/share/texlive/texmf-dist/tex/latex/psnfss/courier.sty
Package: courier 2005/04/12 PSNFSS-v9.2a (WaS) 
)
(/usr/share/texlive/texmf-dist/tex/latex/amsfonts/amssymb.sty
Package: amssymb 2013/01/14 v3.01 AMS font symbols

(/usr/share/texlive/texmf-dist/tex/latex/amsfonts/amsfonts.sty
Package: amsfonts 2013/01/14 v3.01 Basic AMSFonts support
\@emptytoks=\toks28
\symAMSa=\mathgroup5
\symAMSb=\mathgroup6
LaTeX Font Info:    Overwriting math alphabet `\mathfrak' in version `bold'
(Font)                  U/euf/m/n --> U/euf/b/n on input line 106.
))
(/usr/share/texlive/texmf-dist/tex/latex/sectsty/sectsty.sty
Package: sectsty 2002/02/25 v2.0.2 Commands to change all sectional heading sty
les
)
(/usr/share/texlive/texmf-dist/tex/latex/geometry/geometry.sty
Package: geometry 2010/09/12 v5.6 Page Geometry

(/usr/share/texlive/texmf-dist/tex/generic/oberdiek/ifpdf.sty
Package: ifpdf 2011/01/30 v2.3 Provides the ifpdf switch (HO)
Package ifpdf Info: pdfTeX in PDF mode is not detected.
)
(/usr/share/texlive/texmf-dist/tex/generic/oberdiek/ifvtex.sty
Package: ifvtex 2010/03/01 v1.5 Detect VTeX and its facilities (HO)
Package ifvtex Info: VTeX not detected.
)
(/usr/share/texlive/texmf-dist/tex/generic/ifxetex/ifxetex.sty
Package: ifxetex 2010/09/12 v0.6 Provides ifxetex conditional
)
\Gm@cnth=\count117
\Gm@cntv=\count118
\c@Gm@tempcnt=\count119
\Gm@bindingoffset=\dimen144
\Gm@wd@mp=\dimen145
\Gm@odd@mp=\dimen146
\Gm@even@mp=\dimen147
\Gm@layoutwidth=\dimen148
\Gm@layoutheight=\dimen149
\Gm@layouthoffset=\dimen150
\Gm@layoutvoffset=\dimen151
\Gm@dimlist=\toks29
)
(/usr/share/texlive/texmf-dist/tex/latex/fancyhdr/fancyhdr.sty
\fancy@headwidth=\skip57
\f@ncyO@elh=\skip58
\f@ncyO@erh=\skip59
\f@ncyO@olh=\skip60
\f@ncyO@orh=\skip61
\f@ncyO@elf=\skip62
\f@ncyO@erf=\skip63
\f@ncyO@olf=\skip64
\f@ncyO@orf=\skip65
)
(/usr/share/texlive/texmf-dist/tex/latex/natbib/natbib.sty
Package: natbib 2010/09/13 8.31b (PWD, AO)
\bibhang=\skip66
\bibsep=\skip67
LaTeX Info: Redefining \cite on input line 694.
\c@NAT@ctr=\count120
)
(/usr/share/texlive/texmf-dist/tex/latex/tocloft/tocloft.sty
Package: tocloft 2013/05/02 v2.3f parameterised ToC, etc., typesetting
Package tocloft Info: The document has chapter divisions on input line 44.
\cftparskip=\skip68
\cftbeforetoctitleskip=\skip69
\cftaftertoctitleskip=\skip70
\cftbeforepartskip=\skip71
\cftpartnumwidth=\skip72
\cftpartindent=\skip73
\cftbeforechapskip=\skip74
\cftchapindent=\skip75
\cftchapnumwidth=\skip76
\cftbeforesecskip=\skip77
\cftsecindent=\skip78
\cftsecnumwidth=\skip79
\cftbeforesubsecskip=\skip80
\cftsubsecindent=\skip81
\cftsubsecnumwidth=\skip82
\cftbeforesubsubsecskip=\skip83
\cftsubsubsecindent=\skip84
\cftsubsubsecnumwidth=\skip85
\cftbeforeparaskip=\skip86
\cftparaindent=\skip87
\cftparanumwidth=\skip88
\cftbeforesubparaskip=\skip89
\cftsubparaindent=\skip90
\cftsubparanumwidth=\skip91
\cftbeforeloftitleskip=\skip92
\cftafterloftitleskip=\skip93
\cftbeforefigskip=\skip94
\cftfigindent=\skip95
\cftfignumwidth=\skip96
\c@lofdepth=\count121
\c@lotdepth=\count122
\cftbeforelottitleskip=\skip97
\cftafterlottitleskip=\skip98
\cftbeforetabskip=\skip99
\cfttabindent=\skip100
\cfttabnumwidth=\skip101
)
\@indexfile=\write3
\openout3 = `refman.idx'.


Writing index file refman.idx
(/usr/share/texlive/texmf-dist/tex/latex/caption/caption.sty
Package: caption 2016/02/21 v3.3-144 Customizing captions (AR)

(/usr/share/texlive/texmf-dist/tex/latex/caption/caption3.sty
Package: caption3 2016/02/04 v1.7-139 caption3 kernel (AR)
Package caption3 Info: TeX engine: e-TeX on input line 67.
\captionmargin=\dimen152
\captionmargin@=\dimen153
\captionwidth=\dimen154
\caption@tempdima=\dimen155
\caption@indent=\dimen156
\caption@parindent=\dimen157
\caption@hangindent=\dimen158
)
\c@ContinuedFloat=\count123
Package caption Info: float package is loaded.
Package caption Info: longtable package is loaded.

(/usr/share/texlive/texmf-dist/tex/latex/caption/ltcaption.sty
Package: ltcaption 2013/06/09 v1.4-94 longtable captions (AR)
)) (./refman.aux)
\openout1 = `refman.aux'.

LaTeX Font Info:    Checking defaults for OML/cmm/m/it on input line 103.
LaTeX Font Info:    ... okay on input line 103.
LaTeX Font Info:    Checking defaults for T1/cmr/m/n on input line 103.
LaTeX Font Info:    ... okay on input line 103.
LaTeX Font Info:    Checking defaults for OT1/cmr/m/n on input line 103.
LaTeX Font Info:    ... okay on input line 103.
LaTeX Font Info:    Checking defaults for OMS/cmsy/m/n on input line 103.
LaTeX Font Info:    ... okay on input line 103.
LaTeX Font Info:    Checking defaults for OMX/cmex/m/n on input line 103.
LaTeX Font Info:    ... okay on input line 103.
LaTeX Font Info:    Checking defaults for U/cmr/m/n on input line 103.
LaTeX Font Info:    ... okay on input line 103.
LaTeX Font Info:    Checking defaults for TS1/cmr/m/n on input line 103.
LaTeX Font Info:    Try loading font information for TS1+cmr on input line 103.

(/usr/share/texlive/texmf-dist/tex/latex/base/ts1cmr.fd
File: ts1cmr.fd 2014/09/29 v2.5h Standard LaTeX font definitions
)
LaTeX Font Info:    ... okay on input line 103.
LaTeX Font Info:    Try loading font information for T1+phv on input line 103.

(/usr/share/texlive/texmf-dist/tex/latex/psnfss/t1phv.fd
File: t1phv.fd 2001/06/04 scalable font definitions for T1/phv.
)
LaTeX Font Info:    Font shape `T1/phv/m/n' will be
(Font)              scaled to size 8.99994pt on input line 103.

*geometry* driver: auto-detecting
*geometry* detected driver: xetex
*geometry* verbose mode - [ preamble ] result:
* driver: xetex
* paper: a4paper
* layout: <same size as paper>
* layoutoffset:(h,v)=(0.0pt,0.0pt)
* modes: twoside 
* h-part:(L,W,R)=(71.13188pt, 455.24411pt, 71.13188pt)
* v-part:(T,H,B)=(71.13188pt, 702.78308pt, 71.13188pt)
* \paperwidth=597.50787pt
* \paperheight=845.04684pt
* \textwidth=455.24411pt
* \textheight=702.78308pt
* \oddsidemargin=-1.1381pt
* \evensidemargin=-1.1381pt
* \topmargin=-31.2056pt
* \headheight=12.0pt
* \headsep=18.06749pt
* \topskip=10.0pt
* \footskip=25.29494pt
* \marginparwidth=125.0pt
* \marginparsep=7.0pt
* \columnsep=10.0pt
* \skip\footins=9.0pt plus 4.0pt minus 2.0pt
* \hoffset=0.0pt
* \voffset=0.0pt
* \mag=1000
* \@twocolumnfalse
* \@twosidetrue
* \@mparswitchtrue
* \@reversemarginfalse
* (1in=72.27pt=25.4mm, 1cm=28.453pt)

Package caption Info: Begin \AtBeginDocument code.
Package caption Info: End \AtBeginDocument code.
LaTeX Font Info:    Font shape `T1/phv/m/n' will be
(Font)              scaled to size 12.9599pt on input line 110.
LaTeX Font Info:    Font shape `T1/phv/m/n' will be
(Font)              scaled to size 10.79993pt on input line 110.
LaTeX Font Info:    Font shape `T1/phv/m/n' will be
(Font)              scaled to size 6.29996pt on input line 110.
LaTeX Font Info:    Try loading font information for U+wasy on input line 110.
(/usr/share/texlive/texmf-dist/tex/latex/wasysym/uwasy.fd
File: uwasy.fd 2003/10/30 v2.0 Wasy-2 symbol font definitions
)
LaTeX Font Info:    Try loading font information for U+msa on input line 110.

(/usr/share/texlive/texmf-dist/tex/latex/amsfonts/umsa.fd
File: umsa.fd 2013/01/14 v3.01 AMS symbols A
)
LaTeX Font Info:    Try loading font information for U+msb on input line 110.

(/usr/share/texlive/texmf-dist/tex/latex/amsfonts/umsb.fd
File: umsb.fd 2013/01/14 v3.01 AMS symbols B
)
Missing character: There is no 制 in font phvr8t!
Missing character: There is no 作 in font phvr8t!
Missing character: There is no 者 in font phvr8t!
 [1


] [2

]
LaTeX Font Info:    Font shape `T1/phv/m/n' will be
(Font)              scaled to size 22.39185pt on input line 116.
LaTeX Font Info:    Font shape `T1/phv/bx/n' in size <24.88> not available
(Font)              Font shape `T1/phv/b/n' tried instead on input line 116.
LaTeX Font Info:    Font shape `T1/phv/b/n' will be
(Font)              scaled to size 22.39185pt on input line 116.
LaTeX Font Info:    Font shape `T1/phv/bc/n' will be
(Font)              scaled to size 22.39185pt on input line 116.

(./refman.toc
LaTeX Font Info:    Font shape `T1/phv/bx/n' in size <10> not available
(Font)              Font shape `T1/phv/b/n' tried instead on input line 1.
LaTeX Font Info:    Font shape `T1/phv/b/n' will be
(Font)              scaled to size 8.99994pt on input line 1.
Missing character: There is no 继 in font phvb8t!
Missing character: There is no 承 in font phvb8t!
Missing character: There is no 关 in font phvb8t!
Missing character: There is no 系 in font phvb8t!
Missing character: There is no 索 in font phvb8t!
Missing character: There is no 引 in font phvb8t!
Missing character: There is no 类 in font phvr8t!
Missing character: There is no 继 in font phvr8t!
Missing character: There is no 承 in font phvr8t!
Missing character: There is no 关 in font phvr8t!
Missing character: There is no 系 in font phvr8t!
Missing character: There is no 类 in font phvb8t!
Missing character: There is no 索 in font phvb8t!
Missing character: There is no 引 in font phvb8t!
Missing character: There is no 类 in font phvr8t!
Missing character: There is no 列 in font phvr8t!
Missing character: There is no 表 in font phvr8t!
Missing character: There is no 类 in font phvb8t!
Missing character: There is no 说 in font phvb8t!
Missing character: There is no 明 in font phvb8t!
Missing character: There is no 类 in font phvr8t!
Missing character: There is no 参 in font phvr8t!
Missing character: There is no 考 in font phvr8t!
Missing character: There is no 详 in font phvr8t!
Missing character: There is no 细 in font phvr8t!
Missing character: There is no 描 in font phvr8t!
Missing character: There is no 述 in font phvr8t!
Missing character: There is no 成 in font phvr8t!
Missing character: There is no 员 in font phvr8t!
Missing character: There is no 函 in font phvr8t!
Missing character: There is no 数 in font phvr8t!
Missing character: There is no 说 in font phvr8t!
Missing character: There is no 明 in font phvr8t!
Missing character: There is no 类 in font phvr8t!
Missing character: There is no 参 in font phvr8t!
Missing character: There is no 考 in font phvr8t!
Missing character: There is no 详 in font phvr8t!
Missing character: There is no 细 in font phvr8t!
Missing character: There is no 描 in font phvr8t!
Missing character: There is no 述 in font phvr8t!
Missing character: There is no 类 in font phvr8t!
Missing character: There is no 参 in font phvr8t!
Missing character: There is no 考 in font phvr8t!
Missing character: There is no 详 in font phvr8t!
Missing character: There is no 细 in font phvr8t!
Missing character: There is no 描 in font phvr8t!
Missing character: There is no 述 in font phvr8t!
Missing character: There is no 类 in font phvr8t!
Missing character: There is no 参 in font phvr8t!
Missing character: There is no 考 in font phvr8t!
Missing character: There is no 详 in font phvr8t!
Missing character: There is no 细 in font phvr8t!
Missing character: There is no 描 in font phvr8t!
Missing character: There is no 述 in font phvr8t!
Missing character: There is no 类 in font phvr8t!
Missing character: There is no 参 in font phvr8t!
Missing character: There is no 考 in font phvr8t!
Missing character: There is no 详 in font phvr8t!
Missing character: There is no 细 in font phvr8t!
Missing character: There is no 描 in font phvr8t!
Missing character: There is no 述 in font phvr8t!
Missing character: There is no 索 in font phvb8t!
Missing character: There is no 引 in font phvb8t!
)
\tf@toc=\write4
\openout4 = `refman.toc'.

 [3

] [4

]
Chapter 1.
LaTeX Font Info:    Font shape `T1/phv/m/n' will be
(Font)              scaled to size 18.66588pt on input line 121.
LaTeX Font Info:    Font shape `T1/phv/bx/n' in size <20.74> not available
(Font)              Font shape `T1/phv/b/n' tried instead on input line 121.
LaTeX Font Info:    Font shape `T1/phv/b/n' will be
(Font)              scaled to size 18.66588pt on input line 121.
LaTeX Font Info:    Font shape `T1/phv/bc/n' will be
(Font)              scaled to size 18.66588pt on input line 121.
Missing character: There is no 继 in font phvb8tn!
Missing character: There is no 承 in font phvb8tn!
Missing character: There is no 关 in font phvb8tn!
Missing character: There is no 系 in font phvb8tn!
Missing character: There is no 索 in font phvb8tn!
Missing character: There is no 引 in font phvb8tn!
(./hierarchy.tex
LaTeX Font Info:    Font shape `T1/phv/bx/n' in size <14.4> not available
(Font)              Font shape `T1/phv/b/n' tried instead on input line 1.
LaTeX Font Info:    Font shape `T1/phv/b/n' will be
(Font)              scaled to size 12.9599pt on input line 1.
LaTeX Font Info:    Font shape `T1/phv/bc/n' will be
(Font)              scaled to size 12.9599pt on input line 1.
Missing character: There is no 类 in font phvb8tn!
Missing character: There is no 继 in font phvb8tn!
Missing character: There is no 承 in font phvb8tn!
Missing character: There is no 关 in font phvb8tn!
Missing character: There is no 系 in font phvb8tn!
Missing character: There is no 此 in font phvr8t!
Missing character: There is no 继 in font phvr8t!
Missing character: There is no 承 in font phvr8t!
Missing character: There is no 关 in font phvr8t!
Missing character: There is no 系 in font phvr8t!
Missing character: There is no 列 in font phvr8t!
Missing character: There is no 表 in font phvr8t!
Missing character: There is no 按 in font phvr8t!
Missing character: There is no 字 in font phvr8t!
Missing character: There is no 典 in font phvr8t!
Missing character: There is no 顺 in font phvr8t!
Missing character: There is no 序 in font phvr8t!
Missing character: There is no 粗 in font phvr8t!
Missing character: There is no 略 in font phvr8t!
Missing character: There is no 的 in font phvr8t!
Missing character: There is no 排 in font phvr8t!
Missing character: There is no 序 in font phvr8t!
) [1

]
Missing character: There is no 继 in font phvb8t!
Missing character: There is no 承 in font phvb8t!
Missing character: There is no 关 in font phvb8t!
Missing character: There is no 系 in font phvb8t!
Missing character: There is no 索 in font phvb8t!
Missing character: There is no 引 in font phvb8t!
LaTeX Font Info:    Font shape `T1/phv/bx/n' in size <7> not available
(Font)              Font shape `T1/phv/b/n' tried instead on input line 123.
LaTeX Font Info:    Font shape `T1/phv/b/n' will be
(Font)              scaled to size 6.29996pt on input line 123.
Missing character: There is no 制 in font phvb8t!
Missing character: There is no 作 in font phvb8t!
Missing character: There is no 者 in font phvb8t!
 [2

]
Chapter 2.
Missing character: There is no 类 in font phvb8tn!
Missing character: There is no 索 in font phvb8tn!
Missing character: There is no 引 in font phvb8tn!
(./annotated.tex
Missing character: There is no 类 in font phvb8tn!
Missing character: There is no 列 in font phvb8tn!
Missing character: There is no 表 in font phvb8tn!
Missing character: There is no 这 in font phvr8t!
Missing character: There is no 里 in font phvr8t!
Missing character: There is no 列 in font phvr8t!
Missing character: There is no 出 in font phvr8t!
Missing character: There is no 了 in font phvr8t!
Missing character: There is no 所 in font phvr8t!
Missing character: There is no 有 in font phvr8t!
Missing character: There is no 类 in font phvr8t!
Missing character: There is no 、 in font phvr8t!
Missing character: There is no 结 in font phvr8t!
Missing character: There is no 构 in font phvr8t!
Missing character: There is no 、 in font phvr8t!
Missing character: There is no 联 in font phvr8t!
Missing character: There is no 合 in font phvr8t!
Missing character: There is no 以 in font phvr8t!
Missing character: There is no 及 in font phvr8t!
Missing character: There is no 接 in font phvr8t!
Missing character: There is no 口 in font phvr8t!
Missing character: There is no 定 in font phvr8t!
Missing character: There is no 义 in font phvr8t!
Missing character: There is no 等 in font phvr8t!
Missing character: There is no ， in font phvr8t!
Missing character: There is no 并 in font phvr8t!
Missing character: There is no 附 in font phvr8t!
Missing character: There is no 带 in font phvr8t!
Missing character: There is no 简 in font phvr8t!
Missing character: There is no 要 in font phvr8t!
Missing character: There is no 说 in font phvr8t!
Missing character: There is no 明 in font phvr8t!
) [3]
Missing character: There is no 类 in font phvb8t!
Missing character: There is no 索 in font phvb8t!
Missing character: There is no 引 in font phvb8t!
Missing character: There is no 制 in font phvb8t!
Missing character: There is no 作 in font phvb8t!
Missing character: There is no 者 in font phvb8t!
 [4

]
Chapter 3.
Missing character: There is no 类 in font phvb8tn!
Missing character: There is no 说 in font phvb8tn!
Missing character: There is no 明 in font phvb8tn!
(./class_h_document_model.tex
LaTeX Font Info:    Font shape `T1/phv/bc/n' will be
(Font)              scaled to size 6.29996pt on input line 1.
Missing character: There is no 类 in font phvb8tn!
Missing character: There is no 参 in font phvb8tn!
Missing character: There is no 考 in font phvb8tn!
Missing character: There is no 类 in font phvr8t!
Missing character: There is no 继 in font phvr8t!
Missing character: There is no 承 in font phvr8t!
Missing character: There is no 关 in font phvr8t!
Missing character: There is no 系 in font phvr8t!
Missing character: There is no 图 in font phvr8t!
File: class_h_document_model__inherit__graph.pdf Graphic file (type QTm)

<use  "class_h_document_model__inherit__graph.pdf" >
Missing character: There is no 的 in font phvr8t!
Missing character: There is no 协 in font phvr8t!
Missing character: There is no 作 in font phvr8t!
Missing character: There is no 图 in font phvr8t!
File: class_h_document_model__coll__graph.pdf Graphic file (type QTm)

<use  "class_h_document_model__coll__graph.pdf" >
LaTeX Font Info:    Font shape `T1/phv/bx/n' in size <12> not available
(Font)              Font shape `T1/phv/b/n' tried instead on input line 21.
LaTeX Font Info:    Font shape `T1/phv/b/n' will be
(Font)              scaled to size 10.79993pt on input line 21.
LaTeX Font Info:    Font shape `T1/phv/bc/n' will be
(Font)              scaled to size 10.79993pt on input line 21.
Missing character: There is no 类 in font phvb8tn!
Missing character: There is no 型 in font phvb8tn!
LaTeX Font Info:    Try loading font information for TS1+phv on input line 24.

(/usr/share/texlive/texmf-dist/tex/latex/psnfss/ts1phv.fd
File: ts1phv.fd 2001/06/04 scalable font definitions for TS1/phv.
)
LaTeX Font Info:    Font shape `TS1/phv/m/n' will be
(Font)              scaled to size 8.99994pt on input line 24.
Missing character: There is no 信 in font phvb8tn!
Missing character: There is no 号 in font phvb8tn!
 [5]
Missing character: There is no 成 in font phvb8tn!
Missing character: There is no 员 in font phvb8tn!
Missing character: There is no 函 in font phvb8tn!
Missing character: There is no 数 in font phvb8tn!
LaTeX Font Info:    Font shape `T1/phv/m/n' will be
(Font)              scaled to size 8.09995pt on input line 43.
LaTeX Font Info:    Font shape `T1/phv/m/it' in size <9> not available
(Font)              Font shape `T1/phv/m/sl' tried instead on input line 43.
LaTeX Font Info:    Font shape `T1/phv/m/sl' will be
(Font)              scaled to size 8.09995pt on input line 43.
Missing character: There is no 重 in font phvro8t!
Missing character: There is no 载 in font phvro8t!
Missing character: There is no 类 in font phvro8t!
Missing character: There is no 型 in font phvro8t!
Missing character: There is no 删 in font phvro8t!
Missing character: There is no 除 in font phvro8t!
Missing character: There is no 逻 in font phvro8t!
Missing character: There is no 辑 in font phvro8t!
Missing character: There is no 行 in font phvro8t!
Missing character: There is no 详 in font phvb8tn!
Missing character: There is no 细 in font phvb8tn!
Missing character: There is no 描 in font phvb8tn!
Missing character: There is no 述 in font phvb8tn!
Missing character: There is no 在 in font phvr8t!
Missing character: There is no 文 in font phvr8t!
Missing character: There is no 件 in font phvr8t!
Missing character: There is no 第 in font phvr8t!
Missing character: There is no 行 in font phvr8t!
Missing character: There is no 定 in font phvr8t!
Missing character: There is no 义 in font phvr8t!
Missing character: There is no 成 in font phvb8tn!
Missing character: There is no 员 in font phvb8tn!
Missing character: There is no 函 in font phvb8tn!
Missing character: There is no 数 in font phvb8tn!
Missing character: There is no 说 in font phvb8tn!
Missing character: There is no 明 in font phvb8tn!
LaTeX Font Info:    Font shape `T1/phv/bc/n' will be
(Font)              scaled to size 8.99994pt on input line 73.
LaTeX Font Info:    Font shape `T1/phv/bc/it' in size <10> not available
(Font)              Font shape `T1/phv/bc/sl' tried instead on input line 73.
LaTeX Font Info:    Font shape `T1/phv/bc/sl' will be
(Font)              scaled to size 8.99994pt on input line 73.
Missing character: There is no 逻 in font phvr8t!
Missing character: There is no 辑 in font phvr8t!
Missing character: There is no 行 in font phvr8t!
Missing character: There is no 的 in font phvr8t!
Missing character: There is no 行 in font phvr8t!
Missing character: There is no 数 in font phvr8t!
Missing character: There is no 参 in font phvb8tn!
Missing character: There is no 数 in font phvb8tn!
Missing character: There is no 参 in font phvb8tn!
Missing character: There is no 数 in font phvb8tn!
Missing character: There is no 逻 in font phvr8t!
Missing character: There is no 辑 in font phvr8t!
Missing character: There is no 行 in font phvr8t!
Missing character: There is no 的 in font phvr8t!
Missing character: There is no 行 in font phvr8t!
Missing character: There is no 数 in font phvr8t!
Missing character: There is no 参 in font phvb8tn!
Missing character: There is no 数 in font phvb8tn!
Missing character: There is no 参 in font phvb8tn!
Missing character: There is no 数 in font phvb8tn!
Missing character: There is no 逻 in font phvr8t!
Missing character: There is no 辑 in font phvr8t!
Missing character: There is no 行 in font phvr8t!
Missing character: There is no 的 in font phvr8t!
Missing character: There is no 行 in font phvr8t!
Missing character: There is no 数 in font phvr8t!
Missing character: There is no 返 in font phvb8tn!
Missing character: There is no 回 in font phvb8tn!

Underfull \hbox (badness 10000) detected at line 79
[][][]
 []

Missing character: There is no 指 in font phvr8t!
Missing character: There is no 向 in font phvr8t!
Missing character: There is no 对 in font phvr8t!
Missing character: There is no 象 in font phvr8t!
Missing character: There is no 的 in font phvr8t!
Missing character: There is no 指 in font phvr8t!
Missing character: There is no 针 in font phvr8t!
Missing character: There is no 将 in font phvr8t!
Missing character: There is no 一 in font phvr8t!
Missing character: There is no 个 in font phvr8t!
Missing character: There is no 逻 in font phvr8t!
Missing character: There is no 辑 in font phvr8t!
Missing character: There is no 行 in font phvr8t!
Missing character: There is no 内 in font phvr8t!
Missing character: There is no 的 in font phvr8t!
Missing character: There is no 对 in font phvr8t!
Missing character: There is no 象 in font phvr8t!
Missing character: There is no 复 in font phvr8t!
Missing character: There is no 合 in font phvr8t!
Missing character: There is no 成 in font phvr8t!
Missing character: There is no 一 in font phvr8t!
Missing character: There is no 个 in font phvr8t!
Missing character: There is no 类 in font phvr8t!
Missing character: There is no 型 in font phvr8t!
Missing character: There is no ， in font phvr8t!
Missing character: There is no 如 in font phvr8t!
Missing character: There is no 果 in font phvr8t!
Missing character: There is no 行 in font phvr8t!
Missing character: There is no 数 in font phvr8t!
Missing character: There is no 超 in font phvr8t!
Missing character: There is no 出 in font phvr8t!
Missing character: There is no 了 in font phvr8t!
Missing character: There is no 范 in font phvr8t!
Missing character: There is no 围 in font phvr8t!
Missing character: There is no 则 in font phvr8t!
Missing character: There is no 返 in font phvr8t!
Missing character: There is no 回 in font phvr8t!
Missing character: There is no 一 in font phvr8t!
Missing character: There is no 个 in font phvr8t!
Missing character: There is no 空 in font phvr8t!
Missing character: There is no 指 in font phvr8t!
Missing character: There is no 针 in font phvr8t!
Missing character: There is no 。 in font phvr8t!
Missing character: There is no 在 in font phvr8t!
Missing character: There is no 文 in font phvr8t!
Missing character: There is no 件 in font phvr8t!
Missing character: There is no 第 in font phvr8t!
Missing character: There is no 行 in font phvr8t!
Missing character: There is no 定 in font phvr8t!
Missing character: There is no 义 in font phvr8t!
Missing character: There is no 要 in font phvr8t!
Missing character: There is no 添 in font phvr8t!
Missing character: There is no 加 in font phvr8t!
Missing character: There is no 到 in font phvr8t!
Missing character: There is no 该 in font phvr8t!
Missing character: There is no 逻 in font phvr8t!
Missing character: There is no 辑 in font phvr8t!
Missing character: There is no 行 in font phvr8t!
Missing character: There is no 的 in font phvr8t!
Missing character: There is no 字 in font phvr8t!
Missing character: There is no 符 in font phvr8t!
Missing character: There is no 串 in font phvr8t!
Missing character: There is no 新 in font phvr8t!
Missing character: There is no 逻 in font phvr8t!
Missing character: There is no 辑 in font phvr8t!
Missing character: There is no 行 in font phvr8t!
Missing character: There is no 将 in font phvr8t!
Missing character: There is no 作 in font phvr8t!
Missing character: There is no 为 in font phvr8t!
Missing character: There is no 文 in font phvr8t!
Missing character: There is no 档 in font phvr8t!
Missing character: There is no 的 in font phvr8t!
Missing character: There is no 第 in font phvr8t!
Missing character: There is no 行 in font phvr8t!
Missing character: There is no 。 in font phvr8t!
Missing character: There is no 从 in font phvr8t!
Missing character: There is no 行 in font phvr8t!
Missing character: There is no 开 in font phvr8t!
Missing character: There is no 始 in font phvr8t!
Missing character: There is no 算 in font phvr8t!
Missing character: There is no 起 in font phvr8t!
Missing character: There is no 参 in font phvb8tn!
Missing character: There is no 数 in font phvb8tn!
Missing character: There is no 参 in font phvb8tn!
Missing character: There is no 数 in font phvb8tn!
Missing character: There is no 要 in font phvr8t!
Missing character: There is no 添 in font phvr8t!
Missing character: There is no 加 in font phvr8t!
Missing character: There is no 到 in font phvr8t!
Missing character: There is no 该 in font phvr8t!
Missing character: There is no 逻 in font phvr8t!
Missing character: There is no 辑 in font phvr8t!
Missing character: There is no 行 in font phvr8t!
Missing character: There is no 的 in font phvr8t!
Missing character: There is no 字 in font phvr8t!
Missing character: There is no 符 in font phvr8t!
Missing character: There is no 串 in font phvr8t!
Missing character: There is no 新 in font phvr8t!
Missing character: There is no 逻 in font phvr8t!
Missing character: There is no 辑 in font phvr8t!
Missing character: There is no 行 in font phvr8t!
Missing character: There is no 将 in font phvr8t!
Missing character: There is no 作 in font phvr8t!
Missing character: There is no 为 in font phvr8t!
Missing character: There is no 文 in font phvr8t!
Missing character: There is no 档 in font phvr8t!
Missing character: There is no 的 in font phvr8t!
Missing character: There is no 第 in font phvr8t!
Missing character: There is no 行 in font phvr8t!
Missing character: There is no 。 in font phvr8t!
Missing character: There is no 从 in font phvr8t!
Missing character: There is no 行 in font phvr8t!
Missing character: There is no 开 in font phvr8t!
Missing character: There is no 始 in font phvr8t!
Missing character: There is no 算 in font phvr8t!
Missing character: There is no 起 in font phvr8t!
Missing character: There is no 参 in font phvb8tn!
Missing character: There is no 数 in font phvb8tn!
Missing character: There is no 参 in font phvb8tn!
Missing character: There is no 数 in font phvb8tn!
Missing character: There is no 要 in font phvr8t!
Missing character: There is no 添 in font phvr8t!
Missing character: There is no 加 in font phvr8t!
Missing character: There is no 到 in font phvr8t!
Missing character: There is no 该 in font phvr8t!
Missing character: There is no 逻 in font phvr8t!
Missing character: There is no 辑 in font phvr8t!
Missing character: There is no 行 in font phvr8t!
Missing character: There is no 的 in font phvr8t!
Missing character: There is no 字 in font phvr8t!
Missing character: There is no 符 in font phvr8t!
Missing character: There is no 串 in font phvr8t!
Missing character: There is no 新 in font phvr8t!
Missing character: There is no 逻 in font phvr8t!
Missing character: There is no 辑 in font phvr8t!
Missing character: There is no 行 in font phvr8t!
Missing character: There is no 将 in font phvr8t!
Missing character: There is no 作 in font phvr8t!
Missing character: There is no 为 in font phvr8t!
Missing character: There is no 文 in font phvr8t!
Missing character: There is no 档 in font phvr8t!
Missing character: There is no 的 in font phvr8t!
Missing character: There is no 第 in font phvr8t!
Missing character: There is no 行 in font phvr8t!
Missing character: There is no 。 in font phvr8t!
Missing character: There is no 从 in font phvr8t!
Missing character: There is no 行 in font phvr8t!
Missing character: There is no 开 in font phvr8t!
Missing character: There is no 始 in font phvr8t!
Missing character: There is no 算 in font phvr8t!
Missing character: There is no 起 in font phvr8t!
Missing character: There is no 返 in font phvb8tn!
Missing character: There is no 回 in font phvb8tn!

Underfull \hbox (badness 10000) detected at line 101
[][][]
 []

Missing character: There is no 指 in font phvr8t!
Missing character: There is no 向 in font phvr8t!
Missing character: There is no 新 in font phvr8t!
Missing character: There is no 插 in font phvr8t!
Missing character: There is no 入 in font phvr8t!
Missing character: There is no 行 in font phvr8t!
Missing character: There is no 的 in font phvr8t!
Missing character: There is no 引 in font phvr8t!
Missing character: There is no 用 in font phvr8t!
Missing character: There is no 类 in font phvr8t!
Missing character: There is no 型 in font phvr8t!
Missing character: There is no 添 in font phvr8t!
Missing character: There is no 加 in font phvr8t!
Missing character: There is no 新 in font phvr8t!
Missing character: There is no 逻 in font phvr8t!
Missing character: There is no 辑 in font phvr8t!
Missing character: There is no 行 in font phvr8t!
Missing character: There is no 使 in font phvr8t!
Missing character: There is no 用 in font phvr8t!
Missing character: There is no 要 in font phvr8t!
Missing character: There is no 求 in font phvr8t!
Missing character: There is no 的 in font phvr8t!
Missing character: There is no 数 in font phvr8t!
Missing character: There is no 据 in font phvr8t!
Missing character: There is no 结 in font phvr8t!
Missing character: There is no 构 in font phvr8t!
Missing character: There is no 存 in font phvr8t!
Missing character: There is no 储 in font phvr8t!
Missing character: There is no 数 in font phvr8t!
Missing character: There is no 据 in font phvr8t!
Missing character: There is no 。 in font phvr8t!
Missing character: There is no 如 in font phvr8t!
Missing character: There is no 果 in font phvr8t!
Missing character: There is no 大 in font phvr8t!
Missing character: There is no 于 in font phvr8t!
Missing character: There is no 当 in font phvr8t!
Missing character: There is no 前 in font phvr8t!
Missing character: There is no 的 in font phvr8t!
Missing character: There is no 逻 in font phvr8t!
Missing character: There is no 辑 in font phvr8t!
Missing character: There is no 行 in font phvr8t!
Missing character: There is no 数 in font phvr8t!
Missing character: There is no ， in font phvr8t!
Missing character: There is no 新 in font phvr8t!
Missing character: There is no 插 in font phvr8t!
Missing character: There is no 入 in font phvr8t!
Missing character: There is no 的 in font phvr8t!
Missing character: There is no 行 in font phvr8t!
Missing character: There is no 将 in font phvr8t!
Missing character: There is no 作 in font phvr8t!
Missing character: There is no 为 in font phvr8t!
Missing character: There is no 最 in font phvr8t!
Missing character: There is no 后 in font phvr8t!
Missing character: There is no 一 in font phvr8t!
Missing character: There is no 行 in font phvr8t!
Missing character: There is no 。 in font phvr8t!
Missing character: There is no 如 in font phvr8t!
Missing character: There is no 果 in font phvr8t!
Missing character: There is no 为 in font phvr8t!
Missing character: There is no 负 in font phvr8t!
Missing character: There is no ， in font phvr8t!
Missing character: There is no 新 in font phvr8t!
Missing character: There is no 插 in font phvr8t!
Missing character: There is no 入 in font phvr8t!
Missing character: There is no 的 in font phvr8t!
Missing character: There is no 行 in font phvr8t!
Missing character: There is no 作 in font phvr8t!
Missing character: There is no 为 in font phvr8t!
Missing character: There is no 首 in font phvr8t!
Missing character: There is no 行 in font phvr8t!
Missing character: There is no 。 in font phvr8t!
Missing character: There is no 保 in font phvr8t!
Missing character: There is no 持 in font phvr8t!
Missing character: There is no 状 in font phvr8t!
Missing character: There is no 态 in font phvr8t!
Missing character: There is no 同 in font phvr8t!
Missing character: There is no 步 in font phvr8t!
Missing character: There is no 在 in font phvr8t!
Missing character: There is no 文 in font phvr8t!
Missing character: There is no 件 in font phvr8t!
Missing character: There is no 第 in font phvr8t!
Missing character: There is no 行 in font phvr8t!
Missing character: There is no 定 in font phvr8t!
Missing character: There is no 义 in font phvr8t!
Missing character: There is no 重 in font phvr8t!
Missing character: There is no 载 in font phvr8t!
Missing character: There is no 类 in font phvr8t!
Missing character: There is no 型 in font phvr8t!
Missing character: There is no 要 in font phvr8t!
Missing character: There is no 添 in font phvr8t!
Missing character: There is no 加 in font phvr8t!
Missing character: There is no 到 in font phvr8t!
Missing character: There is no 该 in font phvr8t!
Missing character: There is no 逻 in font phvr8t!
Missing character: There is no 辑 in font phvr8t!
Missing character: There is no 行 in font phvr8t!
Missing character: There is no 的 in font phvr8t!
Missing character: There is no 字 in font phvr8t!
Missing character: There is no 符 in font phvr8t!
Missing character: There is no 串 in font phvr8t!
Missing character: There is no 参 in font phvb8tn!
Missing character: There is no 数 in font phvb8tn!
Missing character: There is no 参 in font phvb8tn!
Missing character: There is no 数 in font phvb8tn!
Missing character: There is no 要 in font phvr8t!
Missing character: There is no 添 in font phvr8t!
Missing character: There is no 加 in font phvr8t!
Missing character: There is no 到 in font phvr8t!
Missing character: There is no 该 in font phvr8t!
Missing character: There is no 逻 in font phvr8t!
Missing character: There is no 辑 in font phvr8t!
Missing character: There is no 行 in font phvr8t!
Missing character: There is no 的 in font phvr8t!
Missing character: There is no 字 in font phvr8t!
Missing character: There is no 符 in font phvr8t!
Missing character: There is no 串 in font phvr8t!
Missing character: There is no 参 in font phvb8tn!
Missing character: There is no 数 in font phvb8tn!
Missing character: There is no 参 in font phvb8tn!
Missing character: There is no 数 in font phvb8tn!
Missing character: There is no 要 in font phvr8t!
Missing character: There is no 添 in font phvr8t!
Missing character: There is no 加 in font phvr8t!
Missing character: There is no 到 in font phvr8t!
Missing character: There is no 该 in font phvr8t!
Missing character: There is no 逻 in font phvr8t!
Missing character: There is no 辑 in font phvr8t!
Missing character: There is no 行 in font phvr8t!
Missing character: There is no 的 in font phvr8t!
Missing character: There is no 字 in font phvr8t!
Missing character: There is no 符 in font phvr8t!
Missing character: There is no 串 in font phvr8t!
Missing character: There is no 类 in font phvb8t!
Missing character: There is no 说 in font phvb8t!
Missing character: There is no 明 in font phvb8t!
Missing character: There is no 制 in font phvb8t!
Missing character: There is no 作 in font phvb8t!
Missing character: There is no 者 in font phvb8t!
[6]
Missing character: There is no 返 in font phvb8tn!
Missing character: There is no 回 in font phvb8tn!

Underfull \hbox (badness 10000) detected at line 124
[][][]
 []

Missing character: There is no 指 in font phvr8t!
Missing character: There is no 向 in font phvr8t!
Missing character: There is no 新 in font phvr8t!
Missing character: There is no 插 in font phvr8t!
Missing character: There is no 入 in font phvr8t!
Missing character: There is no 行 in font phvr8t!
Missing character: There is no 的 in font phvr8t!
Missing character: There is no 引 in font phvr8t!
Missing character: There is no 用 in font phvr8t!
Missing character: There is no 类 in font phvr8t!
Missing character: There is no 型 in font phvr8t!
Missing character: There is no 重 in font phvr8t!
Missing character: There is no 载 in font phvr8t!
Missing character: There is no 类 in font phvr8t!
Missing character: There is no 型 in font phvr8t!
Missing character: There is no 。 in font phvr8t!
Missing character: There is no 直 in font phvr8t!
Missing character: There is no 接 in font phvr8t!
Missing character: There is no 在 in font phvr8t!
Missing character: There is no 最 in font phvr8t!
Missing character: There is no 后 in font phvr8t!
Missing character: There is no 一 in font phvr8t!
Missing character: There is no 行 in font phvr8t!
Missing character: There is no 处 in font phvr8t!
Missing character: There is no 插 in font phvr8t!
Missing character: There is no 入 in font phvr8t!
Missing character: There is no 在 in font phvr8t!
Missing character: There is no 文 in font phvr8t!
Missing character: There is no 件 in font phvr8t!
Missing character: There is no 第 in font phvr8t!
Missing character: There is no 行 in font phvr8t!
Missing character: There is no 定 in font phvr8t!
Missing character: There is no 义 in font phvr8t!
Missing character: There is no 删 in font phvr8t!
Missing character: There is no 除 in font phvr8t!
Missing character: There is no 逻 in font phvr8t!
Missing character: There is no 辑 in font phvr8t!
Missing character: There is no 行 in font phvr8t!
Missing character: There is no 删 in font phvr8t!
Missing character: There is no 除 in font phvr8t!
Missing character: There is no 当 in font phvr8t!
Missing character: There is no 前 in font phvr8t!
Missing character: There is no 第 in font phvr8t!
Missing character: There is no 行 in font phvr8t!
Missing character: There is no 从 in font phvr8t!
Missing character: There is no 开 in font phvr8t!
Missing character: There is no 始 in font phvr8t!
Missing character: There is no 计 in font phvr8t!
Missing character: There is no 算 in font phvr8t!
Missing character: There is no 。 in font phvr8t!
Missing character: There is no 应 in font phvr8t!
Missing character: There is no 当 in font phvr8t!
Missing character: There is no 对 in font phvr8t!
Missing character: There is no 应 in font phvr8t!
Missing character: There is no 一 in font phvr8t!
Missing character: There is no 个 in font phvr8t!
Missing character: There is no 客 in font phvr8t!
Missing character: There is no 观 in font phvr8t!
Missing character: There is no 存 in font phvr8t!
Missing character: There is no 在 in font phvr8t!
Missing character: There is no 的 in font phvr8t!
Missing character: There is no 逻 in font phvr8t!
Missing character: There is no 辑 in font phvr8t!
Missing character: There is no 行 in font phvr8t!
Missing character: There is no 位 in font phvr8t!
Missing character: There is no 置 in font phvr8t!
Missing character: There is no 。 in font phvr8t!
Missing character: There is no 如 in font phvr8t!
Missing character: There is no 果 in font phvr8t!
Missing character: There is no 不 in font phvr8t!
Missing character: There is no 对 in font phvr8t!
Missing character: There is no 应 in font phvr8t!
Missing character: There is no 任 in font phvr8t!
Missing character: There is no 何 in font phvr8t!
Missing character: There is no 行 in font phvr8t!
Missing character: There is no ， in font phvr8t!
Missing character: There is no 那 in font phvr8t!
Missing character: There is no 么 in font phvr8t!
Missing character: There is no 将 in font phvr8t!
Missing character: There is no 没 in font phvr8t!
Missing character: There is no 有 in font phvr8t!
Missing character: There is no 任 in font phvr8t!
Missing character: There is no 何 in font phvr8t!
Missing character: There is no 东 in font phvr8t!
Missing character: There is no 西 in font phvr8t!
Missing character: There is no 被 in font phvr8t!
Missing character: There is no 删 in font phvr8t!
Missing character: There is no 除 in font phvr8t!
Missing character: There is no 。 in font phvr8t!
Missing character: There is no 参 in font phvb8tn!
Missing character: There is no 数 in font phvb8tn!
Missing character: There is no 参 in font phvb8tn!
Missing character: There is no 数 in font phvb8tn!
Missing character: There is no 删 in font phvr8t!
Missing character: There is no 除 in font phvr8t!
Missing character: There is no 当 in font phvr8t!
Missing character: There is no 前 in font phvr8t!
Missing character: There is no 第 in font phvr8t!
Missing character: There is no 行 in font phvr8t!
Missing character: There is no 从 in font phvr8t!
Missing character: There is no 开 in font phvr8t!
Missing character: There is no 始 in font phvr8t!
Missing character: There is no 计 in font phvr8t!
Missing character: There is no 算 in font phvr8t!
Missing character: There is no 。 in font phvr8t!
Missing character: There is no 应 in font phvr8t!
Missing character: There is no 当 in font phvr8t!
Missing character: There is no 对 in font phvr8t!
Missing character: There is no 应 in font phvr8t!
Missing character: There is no 一 in font phvr8t!
Missing character: There is no 个 in font phvr8t!
Missing character: There is no 客 in font phvr8t!
Missing character: There is no 观 in font phvr8t!
Missing character: There is no 存 in font phvr8t!
Missing character: There is no 在 in font phvr8t!
Missing character: There is no 的 in font phvr8t!
Missing character: There is no 逻 in font phvr8t!
Missing character: There is no 辑 in font phvr8t!
Missing character: There is no 行 in font phvr8t!
Missing character: There is no 位 in font phvr8t!
Missing character: There is no 置 in font phvr8t!
Missing character: There is no 。 in font phvr8t!
Missing character: There is no 如 in font phvr8t!
Missing character: There is no 果 in font phvr8t!
Missing character: There is no 不 in font phvr8t!
Missing character: There is no 对 in font phvr8t!
Missing character: There is no 应 in font phvr8t!
Missing character: There is no 任 in font phvr8t!
Missing character: There is no 何 in font phvr8t!
Missing character: There is no 行 in font phvr8t!
Missing character: There is no ， in font phvr8t!
Missing character: There is no 那 in font phvr8t!
Missing character: There is no 么 in font phvr8t!
Missing character: There is no 将 in font phvr8t!
Missing character: There is no 没 in font phvr8t!
Missing character: There is no 有 in font phvr8t!
Missing character: There is no 任 in font phvr8t!
Missing character: There is no 何 in font phvr8t!
Missing character: There is no 东 in font phvr8t!
Missing character: There is no 西 in font phvr8t!
Missing character: There is no 被 in font phvr8t!
Missing character: There is no 删 in font phvr8t!
Missing character: There is no 除 in font phvr8t!
Missing character: There is no 。 in font phvr8t!
Missing character: There is no 参 in font phvb8tn!
Missing character: There is no 数 in font phvb8tn!
Missing character: There is no 参 in font phvb8tn!
Missing character: There is no 数 in font phvb8tn!
Missing character: There is no 删 in font phvr8t!
Missing character: There is no 除 in font phvr8t!
Missing character: There is no 当 in font phvr8t!
Missing character: There is no 前 in font phvr8t!
Missing character: There is no 第 in font phvr8t!
Missing character: There is no 行 in font phvr8t!
Missing character: There is no 从 in font phvr8t!
Missing character: There is no 开 in font phvr8t!
Missing character: There is no 始 in font phvr8t!
Missing character: There is no 计 in font phvr8t!
Missing character: There is no 算 in font phvr8t!
Missing character: There is no 。 in font phvr8t!
Missing character: There is no 应 in font phvr8t!
Missing character: There is no 当 in font phvr8t!
Missing character: There is no 对 in font phvr8t!
Missing character: There is no 应 in font phvr8t!
Missing character: There is no 一 in font phvr8t!
Missing character: There is no 个 in font phvr8t!
Missing character: There is no 客 in font phvr8t!
Missing character: There is no 观 in font phvr8t!
Missing character: There is no 存 in font phvr8t!
Missing character: There is no 在 in font phvr8t!
Missing character: There is no 的 in font phvr8t!
Missing character: There is no 逻 in font phvr8t!
Missing character: There is no 辑 in font phvr8t!
Missing character: There is no 行 in font phvr8t!
Missing character: There is no 位 in font phvr8t!
Missing character: There is no 置 in font phvr8t!
Missing character: There is no 。 in font phvr8t!
Missing character: There is no 如 in font phvr8t!
Missing character: There is no 果 in font phvr8t!
Missing character: There is no 不 in font phvr8t!
Missing character: There is no 对 in font phvr8t!
Missing character: There is no 应 in font phvr8t!
Missing character: There is no 任 in font phvr8t!
Missing character: There is no 何 in font phvr8t!
Missing character: There is no 行 in font phvr8t!
Missing character: There is no ， in font phvr8t!
Missing character: There is no 那 in font phvr8t!
Missing character: There is no 么 in font phvr8t!
Missing character: There is no 将 in font phvr8t!
Missing character: There is no 没 in font phvr8t!
Missing character: There is no 有 in font phvr8t!
Missing character: There is no 任 in font phvr8t!
Missing character: There is no 何 in font phvr8t!
Missing character: There is no 东 in font phvr8t!
Missing character: There is no 西 in font phvr8t!
Missing character: There is no 被 in font phvr8t!
Missing character: There is no 删 in font phvr8t!
Missing character: There is no 除 in font phvr8t!
Missing character: There is no 。 in font phvr8t!
Missing character: There is no 该 in font phvr8t!
Missing character: There is no 类 in font phvr8t!
Missing character: There is no 的 in font phvr8t!
Missing character: There is no 文 in font phvr8t!
Missing character: There is no 档 in font phvr8t!
Missing character: There is no 由 in font phvr8t!
Missing character: There is no 以 in font phvr8t!
Missing character: There is no 下 in font phvr8t!
Missing character: There is no 文 in font phvr8t!
Missing character: There is no 件 in font phvr8t!
Missing character: There is no 生 in font phvr8t!
Missing character: There is no 成 in font phvr8t!
) (./class_h_paint_area.tex
Missing character: There is no 类 in font phvb8tn!
Missing character: There is no 参 in font phvb8tn!
Missing character: There is no 考 in font phvb8tn!
Missing character: There is no 类 in font phvr8t!
Missing character: There is no 继 in font phvr8t!
Missing character: There is no 承 in font phvr8t!
Missing character: There is no 关 in font phvr8t!
Missing character: There is no 系 in font phvr8t!
Missing character: There is no 图 in font phvr8t!
File: class_h_paint_area__inherit__graph.pdf Graphic file (type QTm)
 <use  "class_h_paint_area__inherit__graph.pdf" >
Missing character: There is no 的 in font phvr8t!
Missing character: There is no 协 in font phvr8t!
Missing character: There is no 作 in font phvr8t!
Missing character: There is no 图 in font phvr8t!
File: class_h_paint_area__coll__graph.pdf Graphic file (type QTm)

<use  "class_h_paint_area__coll__graph.pdf" >
Missing character: There is no 类 in font phvb8t!
Missing character: There is no 参 in font phvb8t!
Missing character: There is no 考 in font phvb8t!
Missing character: There is no 制 in font phvb8t!
Missing character: There is no 作 in font phvb8t!
Missing character: There is no 者 in font phvb8t!
 [7]
Missing character: There is no 成 in font phvb8tn!
Missing character: There is no 员 in font phvb8tn!
Missing character: There is no 函 in font phvb8tn!
Missing character: There is no 数 in font phvb8tn!
Missing character: There is no 详 in font phvb8tn!
Missing character: There is no 细 in font phvb8tn!
Missing character: There is no 描 in font phvb8tn!
Missing character: There is no 述 in font phvb8tn!
Missing character: There is no 在 in font phvr8t!
Missing character: There is no 文 in font phvr8t!
Missing character: There is no 件 in font phvr8t!
Missing character: There is no 第 in font phvr8t!
Missing character: There is no 行 in font phvr8t!
Missing character: There is no 定 in font phvr8t!
Missing character: There is no 义 in font phvr8t!
Missing character: There is no 该 in font phvr8t!
Missing character: There is no 类 in font phvr8t!
Missing character: There is no 的 in font phvr8t!
Missing character: There is no 文 in font phvr8t!
Missing character: There is no 档 in font phvr8t!
Missing character: There is no 由 in font phvr8t!
Missing character: There is no 以 in font phvr8t!
Missing character: There is no 下 in font phvr8t!
Missing character: There is no 文 in font phvr8t!
Missing character: There is no 件 in font phvr8t!
Missing character: There is no 生 in font phvr8t!
Missing character: There is no 成 in font phvr8t!
)
(./class_h_render_controller.tex
Missing character: There is no 类 in font phvb8tn!
Missing character: There is no 参 in font phvb8tn!
Missing character: There is no 考 in font phvb8tn!
Missing character: There is no 类 in font phvr8t!
Missing character: There is no 继 in font phvr8t!
Missing character: There is no 承 in font phvr8t!
Missing character: There is no 关 in font phvr8t!
Missing character: There is no 系 in font phvr8t!
Missing character: There is no 图 in font phvr8t!
File: class_h_render_controller__inherit__graph.pdf Graphic file (type QTm)

<use  "class_h_render_controller__inherit__graph.pdf" >
Missing character: There is no 的 in font phvr8t!
Missing character: There is no 协 in font phvr8t!
Missing character: There is no 作 in font phvr8t!
Missing character: There is no 图 in font phvr8t!
File: class_h_render_controller__coll__graph.pdf Graphic file (type QTm)

<use  "class_h_render_controller__coll__graph.pdf" >
Missing character: There is no 类 in font phvb8t!
Missing character: There is no 说 in font phvb8t!
Missing character: There is no 明 in font phvb8t!
Missing character: There is no 制 in font phvb8t!
Missing character: There is no 作 in font phvb8t!
Missing character: There is no 者 in font phvb8t!
 [8]
Missing character: There is no 成 in font phvb8tn!
Missing character: There is no 员 in font phvb8tn!
Missing character: There is no 函 in font phvb8tn!
Missing character: There is no 数 in font phvb8tn!
Missing character: There is no 详 in font phvb8tn!
Missing character: There is no 细 in font phvb8tn!
Missing character: There is no 描 in font phvb8tn!
Missing character: There is no 述 in font phvb8tn!
Missing character: There is no 在 in font phvr8t!
Missing character: There is no 文 in font phvr8t!
Missing character: There is no 件 in font phvr8t!
Missing character: There is no 第 in font phvr8t!
Missing character: There is no 行 in font phvr8t!
Missing character: There is no 定 in font phvr8t!
Missing character: There is no 义 in font phvr8t!
Missing character: There is no 该 in font phvr8t!
Missing character: There is no 类 in font phvr8t!
Missing character: There is no 的 in font phvr8t!
Missing character: There is no 文 in font phvr8t!
Missing character: There is no 档 in font phvr8t!
Missing character: There is no 由 in font phvr8t!
Missing character: There is no 以 in font phvr8t!
Missing character: There is no 下 in font phvr8t!
Missing character: There is no 文 in font phvr8t!
Missing character: There is no 件 in font phvr8t!
Missing character: There is no 生 in font phvr8t!
Missing character: There is no 成 in font phvr8t!
)
(./class_h_text_cursor.tex
Missing character: There is no 类 in font phvb8tn!
Missing character: There is no 参 in font phvb8tn!
Missing character: There is no 考 in font phvb8tn!
Missing character: There is no 类 in font phvr8t!
Missing character: There is no 继 in font phvr8t!
Missing character: There is no 承 in font phvr8t!
Missing character: There is no 关 in font phvr8t!
Missing character: There is no 系 in font phvr8t!
Missing character: There is no 图 in font phvr8t!
File: class_h_text_cursor__inherit__graph.pdf Graphic file (type QTm)
 <use  "class_h_text_cursor__inherit__graph.pdf" >
Missing character: There is no 的 in font phvr8t!
Missing character: There is no 协 in font phvr8t!
Missing character: There is no 作 in font phvr8t!
Missing character: There is no 图 in font phvr8t!
File: class_h_text_cursor__coll__graph.pdf Graphic file (type QTm)

<use  "class_h_text_cursor__coll__graph.pdf" >
Missing character: There is no 类 in font phvb8t!
Missing character: There is no 参 in font phvb8t!
Missing character: There is no 考 in font phvb8t!
Missing character: There is no 制 in font phvb8t!
Missing character: There is no 作 in font phvb8t!
Missing character: There is no 者 in font phvb8t!
 [9]
Missing character: There is no 槽 in font phvb8tn!
Missing character: There is no 成 in font phvb8tn!
Missing character: There is no 员 in font phvb8tn!
Missing character: There is no 函 in font phvb8tn!
Missing character: There is no 数 in font phvb8tn!
Missing character: There is no 详 in font phvb8tn!
Missing character: There is no 细 in font phvb8tn!
Missing character: There is no 描 in font phvb8tn!
Missing character: There is no 述 in font phvb8tn!
Missing character: There is no 在 in font phvr8t!
Missing character: There is no 文 in font phvr8t!
Missing character: There is no 件 in font phvr8t!
Missing character: There is no 第 in font phvr8t!
Missing character: There is no 行 in font phvr8t!
Missing character: There is no 定 in font phvr8t!
Missing character: There is no 义 in font phvr8t!
Missing character: There is no 该 in font phvr8t!
Missing character: There is no 类 in font phvr8t!
Missing character: There is no 的 in font phvr8t!
Missing character: There is no 文 in font phvr8t!
Missing character: There is no 档 in font phvr8t!
Missing character: There is no 由 in font phvr8t!
Missing character: There is no 以 in font phvr8t!
Missing character: There is no 下 in font phvr8t!
Missing character: There is no 文 in font phvr8t!
Missing character: There is no 件 in font phvr8t!
Missing character: There is no 生 in font phvr8t!
Missing character: There is no 成 in font phvr8t!
) (./class_main_window.tex
Missing character: There is no 类 in font phvb8tn!
Missing character: There is no 参 in font phvb8tn!
Missing character: There is no 考 in font phvb8tn!
Missing character: There is no 类 in font phvr8t!
Missing character: There is no 继 in font phvr8t!
Missing character: There is no 承 in font phvr8t!
Missing character: There is no 关 in font phvr8t!
Missing character: There is no 系 in font phvr8t!
Missing character: There is no 图 in font phvr8t!
File: class_main_window__inherit__graph.pdf Graphic file (type QTm)

<use  "class_main_window__inherit__graph.pdf" >
Missing character: There is no 的 in font phvr8t!
Missing character: There is no 协 in font phvr8t!
Missing character: There is no 作 in font phvr8t!
Missing character: There is no 图 in font phvr8t!
File: class_main_window__coll__graph.pdf Graphic file (type QTm)

<use  "class_main_window__coll__graph.pdf" >
Missing character: There is no 类 in font phvb8t!
Missing character: There is no 说 in font phvb8t!
Missing character: There is no 明 in font phvb8t!
Missing character: There is no 制 in font phvb8t!
Missing character: There is no 作 in font phvb8t!
Missing character: There is no 者 in font phvb8t!
 [10]
Missing character: There is no 成 in font phvb8tn!
Missing character: There is no 员 in font phvb8tn!
Missing character: There is no 函 in font phvb8tn!
Missing character: There is no 数 in font phvb8tn!
Missing character: There is no 详 in font phvb8tn!
Missing character: There is no 细 in font phvb8tn!
Missing character: There is no 描 in font phvb8tn!
Missing character: There is no 述 in font phvb8tn!
Missing character: There is no 在 in font phvr8t!
Missing character: There is no 文 in font phvr8t!
Missing character: There is no 件 in font phvr8t!
Missing character: There is no 第 in font phvr8t!
Missing character: There is no 行 in font phvr8t!
Missing character: There is no 定 in font phvr8t!
Missing character: There is no 义 in font phvr8t!
Missing character: There is no 该 in font phvr8t!
Missing character: There is no 类 in font phvr8t!
Missing character: There is no 的 in font phvr8t!
Missing character: There is no 文 in font phvr8t!
Missing character: There is no 档 in font phvr8t!
Missing character: There is no 由 in font phvr8t!
Missing character: There is no 以 in font phvr8t!
Missing character: There is no 下 in font phvr8t!
Missing character: There is no 文 in font phvr8t!
Missing character: There is no 件 in font phvr8t!
Missing character: There is no 生 in font phvr8t!
Missing character: There is no 成 in font phvr8t!
)
Missing character: There is no 类 in font phvb8t!
Missing character: There is no 参 in font phvb8t!
Missing character: There is no 考 in font phvb8t!
Missing character: There is no 制 in font phvb8t!
Missing character: There is no 作 in font phvb8t!
Missing character: There is no 者 in font phvb8t!
 [11]
Missing character: There is no 类 in font phvb8t!
Missing character: There is no 说 in font phvb8t!
Missing character: There is no 明 in font phvb8t!
Missing character: There is no 制 in font phvb8t!
Missing character: There is no 作 in font phvb8t!
Missing character: There is no 者 in font phvb8t!
 [12

] (./refman.ind
[13



]) (./refman.aux) ) 
Here is how much of TeX's memory you used:
 7077 strings out of 493638
 101685 string characters out of 6146796
 184383 words of memory out of 5000000
 10305 multiletter control sequences out of 15000+600000
 44105 words of font info for 49 fonts, out of 8000000 for 9000
 1328 hyphenation exceptions out of 8191
 53i,15n,92p,594b,549s stack positions out of 5000i,500n,10000p,200000b,80000s

Output written on refman.pdf (17 pages).
